OpenCV/build/intermediates/manifest_merge_blame_file/debug/manifest-merger-blame-debug-report.txt
1<?xml version="1.0" encoding="utf-8"?>
2<manifest xmlns:android="http://schemas.android.com/apk/res/android"
3    package="org.opencv"
4    android:versionCode="4010"
5    android:versionName="4.0.1" >
6
7    <uses-sdk
8        android:minSdkVersion="23"
8-->weather-look22\OpenCV\AndroidManifest.xml
9        android:targetSdkVersion="28" />
9-->weather-look22\OpenCV\AndroidManifest.xml
10
11</manifest>